<?xml version="1.0" encoding="UTF-8"?>
<testsuite xmlns:xsi="http://www.w3.org/2001/XMLSchema-instance" xsi:noNamespaceSchemaLocation="https://maven.apache.org/surefire/maven-surefire-plugin/xsd/surefire-test-report-3.0.xsd" version="3.0" name="com.curso.mascota.ProgramacionFuncionalTest" time="0.059" tests="1" errors="0" skipped="0" failures="0">
  <properties>
[...]
</properties>
  <testcase name="ejemploProgramacionFuncional" classname="com.curso.mascota.ProgramacionFuncionalTest" time="0.032">
    <system-out><![CDATA[10
14
20
21
21
21
21
21
21
]]></system-out>
  </testcase>
</testsuite>